# JRE version: Java(TM) SE Runtime Environment (11.0.1+13) (build 11.0.1+13-LTS)
# Java VM: Java HotSpot(TM) 64-Bit Server VM (11.0.1+13-LTS, mixed mode, tiered, compressed oops, g1 gc, bsd-amd64)
Heap:
 garbage-first heap   total 131072K, used 15515K [0x0000000780000000, 0x0000000800000000)
  region size 1024K, 2 young (2048K), 1 survivors (1024K)
 Metaspace       used 16673K, capacity 17133K, committed 17408K, reserved 1064960K
  class space    used 1739K, capacity 1952K, committed 2048K, reserved 1048576K
GC Heap History (8 events):
Event: 4.549 GC heap before
{Heap before GC invocations=0 (full 0):
 garbage-first heap   total 131072K, used 14336K [0x0000000780000000, 0x0000000800000000)
  region size 1024K, 14 young (14336K), 0 survivors (0K)
 Metaspace       used 15651K, capacity 16062K, committed 16256K, reserved 1062912K
  class space    used 1692K, capacity 1872K, committed 1920K, reserved 1048576K
}
Event: 4.567 GC heap after
{Heap after GC invocations=1 (full 0):
 garbage-first heap   total 131072K, used 3018K [0x0000000780000000, 0x0000000800000000)
  region size 1024K, 2 young (2048K), 2 survivors (2048K)
 Metaspace       used 15651K, capacity 16062K, committed 16256K, reserved 1062912K
  class space    used 1692K, capacity 1872K, committed 1920K, reserved 1048576K
}
Event: 839.521 GC heap before
{Heap before GC invocations=1 (full 0):
 garbage-first heap   total 131072K, used 7114K [0x0000000780000000, 0x0000000800000000)
  region size 1024K, 6 young (6144K), 2 survivors (2048K)
 Metaspace       used 15834K, capacity 16286K, committed 16512K, reserved 1064960K
  class space    used 1709K, capacity 1904K, committed 1920K, reserved 1048576K
}
Event: 839.534 GC heap after
{Heap after GC invocations=2 (full 0):
 garbage-first heap   total 131072K, used 3409K [0x0000000780000000, 0x0000000800000000)
  region size 1024K, 1 young (1024K), 1 survivors (1024K)
 Metaspace       used 15834K, capacity 16286K, committed 16512K, reserved 1064960K
  class space    used 1709K, capacity 1904K, committed 1920K, reserved 1048576K
}
Event: 841.505 GC heap before
{Heap before GC invocations=2 (full 0):
 garbage-first heap   total 131072K, used 20817K [0x0000000780000000, 0x0000000800000000)
  region size 1024K, 18 young (18432K), 1 survivors (1024K)
 Metaspace       used 16128K, capacity 16546K, committed 16768K, reserved 1064960K
  class space    used 1710K, capacity 1905K, committed 1920K, reserved 1048576K
}
Event: 841.507 GC heap after
{Heap after GC invocations=3 (full 0):
 garbage-first heap   total 131072K, used 3149K [0x0000000780000000, 0x0000000800000000)
  region size 1024K, 1 young (1024K), 1 survivors (1024K)
 Metaspace       used 16128K, capacity 16546K, committed 16768K, reserved 1064960K
  class space    used 1710K, capacity 1905K, committed 1920K, reserved 1048576K
}
Event: 137278.353 GC heap before
{Heap before GC invocations=3 (full 0):
 garbage-first heap   total 131072K, used 92237K [0x0000000780000000, 0x0000000800000000)
  region size 1024K, 76 young (77824K), 1 survivors (1024K)
 Metaspace       used 16673K, capacity 17133K, committed 17408K, reserved 1064960K
  class space    used 1739K, capacity 1952K, committed 2048K, reserved 1048576K
}
Event: 137278.366 GC heap after
{Heap after GC invocations=4 (full 0):
 garbage-first heap   total 131072K, used 15515K [0x0000000780000000, 0x0000000800000000)
  region size 1024K, 1 young (1024K), 1 survivors (1024K)
 Metaspace       used 16673K, capacity 17133K, committed 17408K, reserved 1064960K
  class space    used 1739K, capacity 1952K, committed 2048K, reserved 1048576K
}

